🚀 Deploying Backend Fix...
Pseudo-terminal will not be allocated because stdin is not a terminal.
Welcome to Ubuntu 24.04.3 LTS (GNU/Linux 6.8.0-71-generic x86_64)

 * Documentation:  https://help.ubuntu.com
 * Management:     https://landscape.canonical.com
 * Support:        https://ubuntu.com/pro

 System information as of Sat Mar  7 10:36:49 PM MSK 2026

  System load:  0.98               Processes:             116
  Usage of /:   79.8% of 14.68GB   Users logged in:       1
  Memory usage: 71%                IPv4 address for eth0: 37.252.20.170
  Swap usage:   20%                IPv6 address for eth0: 2a03:6f00:a::e3ac

 * Strictly confined Kubernetes makes edge and IoT secure. Learn how MicroK8s
   just raised the bar for easy, resilient and secure K8s cluster deployment.

   https://ubuntu.com/engage/secure-kubernetes-at-the-edge

Expanded Security Maintenance for Applications is not enabled.

53 updates can be applied immediately.
To see these additional updates run: apt list --upgradable

Enable ESM Apps to receive additional future security updates.
See https://ubuntu.com/esm or run: sudo pro status


1 updates could not be installed automatically. For more details,
see /var/log/unattended-upgrades/unattended-upgrades.log

📁 Current directory: /var/www/rejuvena-backend
📥 Pulling latest code...
From https://github.com/seplitza/backend-rejuvena
 * branch            main       -> FETCH_HEAD
Already up to date.
