(node:16236) [MONGOOSE] Warning: Duplicate schema index on {"slug":1} found. This is often due to declaring an index using both "index: true" and "schema.index()". Please remove the duplicate index definition.
(Use `node --trace-warnings ...` to show where the warning was created)
(node:16236) [MONGOOSE] Warning: Duplicate schema index on {"sku":1} found. This is often due to declaring an index using both "index: true" and "schema.index()". Please remove the duplicate index definition.
(node:16236) [MONGOOSE] Warning: Duplicate schema index on {"slug":1} found. This is often due to declaring an index using both "index: true" and "schema.index()". Please remove the duplicate index definition.
(node:16236) [MONGOOSE] Warning: Duplicate schema index on {"orderNumber":1} found. This is often due to declaring an index using both "index: true" and "schema.index()". Please remove the duplicate index definition.
✓ Connected to MongoDB

📦 Импорт товаров из Tilda...

Найдено товаров: 88
✓ Создана категория: Уход за кожей
⊘ Пропущен (нет данных): Сыворотка GHK-Cu с медью

→ Импорт: Омолодись!
  ✓ Downloaded: BLYRu-1-0.jpg (145.5KB)
  ✓ Downloaded: BLYRu-1-1.jpg (323.5KB)
  ✓ Downloaded: BLYRu-1-2.jpg (311.5KB)
  ✓ Downloaded: BLYRu-1-3.jpg (361.8KB)
  ✓ Downloaded: BLYRu-1-4.jpg (333.5KB)
✓ Импортирован: Омолодись! (5 фото)

→ Импорт: Курс Индивидуальный
  ✓ Downloaded: BLYRu-2-0.png (127.9KB)
  ✓ Downloaded: BLYRu-2-1.jpg (323.5KB)
  ✓ Downloaded: BLYRu-2-2.jpg (290.5KB)
  ✓ Downloaded: BLYRu-2-3.jpg (318.1KB)
  ✓ Downloaded: BLYRu-2-4.jpg (330.8KB)
✓ Импортирован: Курс Индивидуальный (5 фото)

→ Импорт: + на лоб и глаза
  ✓ Downloaded: LYadvRu-0.png (54.9KB)
  ✓ Downloaded: LYadvRu-1.jpg (166.1KB)
  ✓ Downloaded: LYadvRu-2.png (475.9KB)
  ✓ Downloaded: LYadvRu-3.png (2108.4KB)
✓ Импортирован: + на лоб и глаза (4 фото)
⊘ Пропущен (существует): + на щёки и глаза
⊘ Пропущен (существует): + на губы и челюсть
⊘ Пропущен (существует): + на шею

→ Импорт: Мини-курс Лебединая шея
  ✓ Downloaded: MCc7Ru-0.png (272.6KB)
  ✓ Downloaded: MCc7Ru-1.jpg (405.1KB)
✓ Импортирован: Мини-курс Лебединая шея (2 фото)
⊘ Пропущен (нет данных): Омега-3 (ДГК:ЭПК 5:1)
⊘ Пропущен (нет данных): NMN - никотинамид мононуклеотид

→ Импорт: Индивидуальная консультация
  ✓ Downloaded: APpers-0.jpg (167.1KB)
  ✓ Downloaded: APpers-1.jpg (151.8KB)
  ✓ Downloaded: APpers-2.jpg (141.5KB)
  ✓ Downloaded: APpers-3.jpg (90.1KB)
✓ Импортирован: Индивидуальная консультация (4 фото)

→ Импорт: Предзаказ: Сыворотка С
  ✓ Downloaded: C_serum--0.png (367.6KB)
  ✓ Downloaded: C_serum--1.png (477.7KB)
  ✓ Downloaded: C_serum--2.png (564.0KB)
  ✓ Downloaded: C_serum--3.png (657.8KB)
  ✓ Downloaded: C_serum--4.png (915.9KB)
✓ Импортирован: Предзаказ: Сыворотка С (5 фото)
⊘ Пропущен (нет данных): Крем с медным пептидом GHK-Cu
⊘ Пропущен (нет данных): Тонер с медным пептидом GHK-Cu

→ Импорт: Copy: NMN
  ✓ Downloaded: NMN-0.png (469.3KB)
  ✓ Downloaded: NMN-1.png (374.7KB)
  ✓ Downloaded: NMN-2.png (446.7KB)
✓ Импортирован: Copy: NMN (3 фото)

→ Импорт: Предзаказ: Сыворотка GHK:Cu 3%
  ✓ Downloaded: CHKcu_serum_3%-0.jpg (125.1KB)
  ✓ Downloaded: CHKcu_serum_3%-1.jpg (211.2KB)
  ✓ Downloaded: CHKcu_serum_3%-2.jpg (161.2KB)
  ✓ Downloaded: CHKcu_serum_3%-3.jpg (17.6KB)
  ✓ Downloaded: CHKcu_serum_3%-4.jpg (13.5KB)
✓ Импортирован: Предзаказ: Сыворотка GHK:Cu 3% (5 фото)
⊘ Пропущен (нет данных): NMN в капсулах
⊘ Пропущен (нет данных): Сыворотка Анти-акне

→ Импорт: Предзаказ: Лоушн с голубой медью
  ✓ Downloaded: CHKcu_lotion-0.jpg (365.0KB)
  ✓ Downloaded: CHKcu_lotion-1.jpg (363.4KB)
  ✓ Downloaded: CHKcu_lotion-2.jpg (330.5KB)
✓ Импортирован: Предзаказ: Лоушн с голубой медью (3 фото)

→ Импорт: Предзаказ: Сыворотка GHK:Cu с медью
  ✓ Downloaded: GHK:Cu_serum-2-0.png (403.2KB)
  ✓ Downloaded: GHK:Cu_serum-2-1.png (357.2KB)
  ✓ Downloaded: GHK:Cu_serum-2-2.png (852.2KB)
  ✓ Downloaded: GHK:Cu_serum-2-3.png (504.7KB)
  ✓ Downloaded: GHK:Cu_serum-2-4.jpg (366.8KB)
✓ Импортирован: Предзаказ: Сыворотка GHK:Cu с медью (5 фото)
⊘ Пропущен (нет данных): Сыворотка С

→ Импорт: Предзаказ: Сыворотка Анти-акне
  ✓ Downloaded: Antiacne_serum_ekber_preorder-0.jpg (234.0KB)
  ✓ Downloaded: Antiacne_serum_ekber_preorder-1.jpg (322.5KB)
  ✓ Downloaded: Antiacne_serum_ekber_preorder-2.jpg (281.5KB)
  ✓ Downloaded: Antiacne_serum_ekber_preorder-3.jpg (350.3KB)
  ✓ Downloaded: Antiacne_serum_ekber_preorder-4.jpg (323.8KB)
✓ Импортирован: Предзаказ: Сыворотка Анти-акне (5 фото)
⊘ Пропущен (нет данных): Предзаказ: NMN
⊘ Пропущен (нет данных): Предзаказ: Омега-3 (ПНЖЛ)

→ Импорт: Предзаказ: Тонер с медным пептидом GHK:Cu
  ✓ Downloaded: GHK:Cu_тонер-2-0.jpg (176.7KB)
  ✓ Downloaded: GHK:Cu_тонер-2-1.jpg (228.3KB)
  ✓ Downloaded: GHK:Cu_тонер-2-2.jpg (262.7KB)
  ✓ Downloaded: GHK:Cu_тонер-2-3.jpg (285.9KB)
  ✓ Downloaded: GHK:Cu_тонер-2-4.jpg (453.5KB)
✓ Импортирован: Предзаказ: Тонер с медным пептидом GHK:Cu (5 фото)

→ Импорт: Предзаказ: Крем с медным пептидом GHK:Cu
  ✓ Downloaded: GHK:Cu_cream-2-0.png (641.2KB)
  ✓ Downloaded: GHK:Cu_cream-2-1.png (559.9KB)
  ✓ Downloaded: GHK:Cu_cream-2-2.png (761.3KB)
  ✓ Downloaded: GHK:Cu_cream-2-3.png (707.6KB)
  ✓ Downloaded: GHK:Cu_cream-2-4.png (604.8KB)
✓ Импортирован: Предзаказ: Крем с медным пептидом GHK:Cu (5 фото)
⊘ Пропущен (нет данных): Лоушн Бархатистая кожа
⊘ Пропущен (нет данных): Сыворотка Живая вода
⊘ Пропущен (нет данных): Клинзер с голубой медью
⊘ Пропущен (нет данных): Маска с голубой медью EKBER

→ Импорт: Предзаказ: Маска с голубой медью Ekber
  ✓ Downloaded: CHKcu_mask-0.png (542.3KB)
  ✓ Downloaded: CHKcu_mask-1.jpg (81.9KB)
  ✓ Downloaded: CHKcu_mask-2.jpg (138.7KB)
  ✓ Downloaded: CHKcu_mask-3.jpg (34.8KB)
✓ Импортирован: Предзаказ: Маска с голубой медью Ekber (4 фото)
⊘ Пропущен (нет данных): Ресвератрол 30 гр. (30 000 mg)
⊘ Пропущен (нет данных): ПРЕДЗАКАЗ

→ Импорт: Микробиом АП1 190224
  ✓ Downloaded: MB-AP1-190224-0.png (224.2KB)
  ✓ Downloaded: MB-AP1-190224-1.png (255.0KB)
  ✓ Downloaded: MB-AP1-190224-2.png (290.5KB)
  ✓ Downloaded: MB-AP1-190224-3.png (295.4KB)
✓ Импортирован: Микробиом АП1 190224 (4 фото)

→ Импорт: Квашеная капуста. Лысково
  ✓ Downloaded: ККВ-Лысково190224-0.png (268.7KB)
  ✓ Downloaded: ККВ-Лысково190224-1.png (283.5KB)
  ✓ Downloaded: ККВ-Лысково190224-2.png (283.0KB)
  ✓ Downloaded: ККВ-Лысково190224-3.png (267.3KB)
✓ Импортирован: Квашеная капуста. Лысково (4 фото)
⊘ Пропущен (нет данных): Кверцетин 30 гр.

→ Импорт: Квас капустный АП2 260224
  ✓ Downloaded: КК-AP2-020324-0.jpg (504.7KB)
✓ Импортирован: Квас капустный АП2 260224 (1 фото)

→ Импорт: Микробиом Адлер 2439
  ✓ Downloaded: MB-АД2439-0.jpg (328.5KB)
  ✓ Downloaded: MB-АД2439-1.jpg (490.5KB)
✓ Импортирован: Микробиом Адлер 2439 (2 фото)
⊘ Пропущен (существует): Микробиом Ахун 24314
⊘ Пропущен (нет данных): Уценка 30% Сыворотка GHK-Cu с медью
⊘ Пропущен (нет данных): Уценка 50% Сыворотка GHK-Cu с медью

→ Импорт: Уценка 30%: Сыворотка С
  ✓ Downloaded: C_serum-0.jpg (332.2KB)
  ✓ Downloaded: C_serum-1.png (367.6KB)
  ✓ Downloaded: C_serum-2.png (477.7KB)
  ✓ Downloaded: C_serum-3.png (564.0KB)
  ✓ Downloaded: C_serum-4.png (657.8KB)
✓ Импортирован: Уценка 30%: Сыворотка С (5 фото)
⊘ Пропущен (существует): Уценка 50%: Сыворотка С
⊘ Пропущен (нет данных): NMN в капсулах/ черная банка
⊘ Пропущен (нет данных): Омега-3 4:1 120 гр (ДГК:ЭПК 4:1) в бутылочке

→ Импорт: Омега-3 1:1 120 гр (ДГК:ЭПК 1:1) в бутылочке
  ✓ Downloaded: омега-3-pwr-btl-0.jpg (163.5KB)
  ✓ Downloaded: омега-3-pwr-btl-1.png (2312.8KB)
✓ Импортирован: Омега-3 1:1 120 гр (ДГК:ЭПК 1:1) в бутылочке (2 фото)
⊘ Пропущен (нет данных): Омега-3 (ДГК:ЭПК 5:1) в бутылочке / в порошке /в капсулах
⊘ Пропущен (существует): Квас арбузный

✅ Импорт товаров завершен:
   Импортировано: 20
   Пропущено: 68

📋 Импорт заказов...

Найдено заказов: 228

✗ Error: Order validation failed: shippingMethod: Path `shippingMethod` is required., shippingAddress.city: Path `shippingAddress.city` is required., shippingAddress.address: Path `shippingAddress.address` is required., shippingAddress.phone: Path `shippingAddress.phone` is required., shippingAddress.fullName: Path `shippingAddress.fullName` is required., items.0.productId: Path `productId` is required.
